{"level":"http","message":"GET / ::1"}
{"level":"http","message":"GET /login ::1"}
{"level":"http","message":"POST /api/sessions/login ::1"}
{"level":"http","message":"GET / ::1"}
{"level":"http","message":"GET /api/products/mockingproduct ::1"}
{"level":"http","message":"GET / ::1"}
{"level":"http","message":"GET /api/products/mockingproduct ::1"}
{"level":"http","message":"GET /cart/647cc6867a5479330364b480 ::1"}
{"level":"http","message":"GET / ::1"}
{"level":"http","message":"GET /api/products/mockingproduct ::1"}
{"level":"http","message":"GET / ::1"}
{"level":"http","message":"GET /api/products/mockingproduct ::1"}
{"level":"http","message":"GET /cart/647cc6867a5479330364b480 ::1"}
{"level":"http","message":"POST /api/sessions/logout ::1"}
{"level":"http","message":"GET /login ::1"}
{"level":"http","message":"POST /api/sessions/login ::1"}
{"level":"http","message":"GET / ::1"}
{"level":"http","message":"GET /api/products/mockingproduct ::1"}
{"level":"http","message":"GET /carts ::1"}
{"level":"http","message":"GET / ::1"}
{"level":"http","message":"GET /api/products/mockingproduct ::1"}
{"level":"http","message":"GET / ::1"}
{"level":"http","message":"GET /api/products/mockingproduct ::1"}
{"level":"http","message":"GET /carts ::1"}
{"level":"http","message":"GET / ::1"}
{"level":"http","message":"GET /api/products/mockingproduct ::1"}
{"level":"http","message":"POST /api/products ::1"}
{"level":"http","message":"GET /product/6434bd61219c3cecfbedd5c0 ::1"}
{"level":"http","message":"GET /product/6434bd61219c3cecfbedd5c0 ::1"}
{"level":"http","message":"GET /product/6434bd61219c3cecfbedd5c0 ::1"}
{"level":"http","message":"GET /profile ::1"}
{"level":"http","message":"GET / ::1"}
{"level":"http","message":"GET /api/products/mockingproduct ::1"}
{"level":"http","message":"GET /carts ::1"}
{"level":"http","message":"GET /profile ::1"}
{"level":"http","message":"GET / ::1"}
{"level":"http","message":"GET /api/products/mockingproduct ::1"}
